1658440783029	geckodriver	INFO	Listening on 127.0.0.1:62094
1658440786102	mozrunner::runner	INFO	Running command: "C:\\Program Files\\Mozilla Firefox\\firefox.exe" "--marionette" "--remote-debugging-port" "62095" "-no-remote" "-profile" "C:\\Users\\HASEEB~1.AFI\\AppData\\Local\\Temp\\rust_mozprofilec0aK09"
1658440786589	Marionette	INFO	Marionette enabled
1658440786596	Marionette	INFO	Listening on port 62100
WebDriver BiDi listening on ws://localhost:62095
1658440786794	RemoteAgent	WARN	TLS certificate errors will be ignored for this session
console.warn: SearchSettings: "get: No settings file exists, new profile?" (new NotFoundError("Could not open the file at C:\\Users\\HASEEB~1.AFI\\AppData\\Local\\Temp\\rust_mozprofilec0aK09\\search.json.mozlz4", (void 0)))
DevTools listening on ws://localhost:62095/devtools/browser/7bc71c6b-b5c2-47a7-8d74-ecb7435d1c7b
console.warn: LoginRecipes: "getRecipes: falling back to a synchronous message for:" "https://www.saucedemo.com"
1658440792631	Marionette	INFO	Stopped listening on port 62100
console.warn: TopSitesFeed: Failed to fetch data from Contile server: NetworkError when attempting to fetch resource.
[Parent 23320, IPC I/O Parent] WARNING: file /builds/worker/checkouts/gecko/ipc/chromium/src/base/process_util_win.cc:167
1658440849749	geckodriver	INFO	Listening on 127.0.0.1:62149
1658440852841	mozrunner::runner	INFO	Running command: "C:\\Program Files\\Mozilla Firefox\\firefox.exe" "--marionette" "--remote-debugging-port" "62150" "-no-remote" "-profile" "C:\\Users\\HASEEB~1.AFI\\AppData\\Local\\Temp\\rust_mozprofileOKRrv6"
1658440853284	Marionette	INFO	Marionette enabled
1658440853290	Marionette	INFO	Listening on port 62155
WebDriver BiDi listening on ws://localhost:62150
1658440853456	RemoteAgent	WARN	TLS certificate errors will be ignored for this session
console.warn: SearchSettings: "get: No settings file exists, new profile?" (new NotFoundError("Could not open the file at C:\\Users\\HASEEB~1.AFI\\AppData\\Local\\Temp\\rust_mozprofileOKRrv6\\search.json.mozlz4", (void 0)))
DevTools listening on ws://localhost:62150/devtools/browser/db4c5e16-b680-440f-afed-850a7d767608
console.warn: LoginRecipes: "getRecipes: falling back to a synchronous message for:" "https://www.saucedemo.com"
1658440856777	Marionette	INFO	Stopped listening on port 62155
1658440881228	geckodriver	INFO	Listening on 127.0.0.1:62197
1658440884323	mozrunner::runner	INFO	Running command: "C:\\Program Files\\Mozilla Firefox\\firefox.exe" "--marionette" "--remote-debugging-port" "62198" "-no-remote" "-profile" "C:\\Users\\HASEEB~1.AFI\\AppData\\Local\\Temp\\rust_mozprofilewIGkrd"
1658440884802	Marionette	INFO	Marionette enabled
1658440884807	Marionette	INFO	Listening on port 62203
WebDriver BiDi listening on ws://localhost:62198
1658440885002	RemoteAgent	WARN	TLS certificate errors will be ignored for this session
console.warn: SearchSettings: "get: No settings file exists, new profile?" (new NotFoundError("Could not open the file at C:\\Users\\HASEEB~1.AFI\\AppData\\Local\\Temp\\rust_mozprofilewIGkrd\\search.json.mozlz4", (void 0)))
DevTools listening on ws://localhost:62198/devtools/browser/05fdd739-aeae-4961-8ec2-b27eebcea2e3
console.warn: LoginRecipes: "getRecipes: falling back to a synchronous message for:" "https://www.saucedemo.com"
1658440888448	Marionette	INFO	Stopped listening on port 62203
1658441729156	geckodriver	INFO	Listening on 127.0.0.1:62646
1658441732254	mozrunner::runner	INFO	Running command: "C:\\Program Files\\Mozilla Firefox\\firefox.exe" "--marionette" "--remote-debugging-port" "62647" "-no-remote" "-profile" "C:\\Users\\HASEEB~1.AFI\\AppData\\Local\\Temp\\rust_mozprofileojzARo"
1658441732734	Marionette	INFO	Marionette enabled
1658441732739	Marionette	INFO	Listening on port 62652
WebDriver BiDi listening on ws://localhost:62647
1658441732927	RemoteAgent	WARN	TLS certificate errors will be ignored for this session
console.warn: SearchSettings: "get: No settings file exists, new profile?" (new NotFoundError("Could not open the file at C:\\Users\\HASEEB~1.AFI\\AppData\\Local\\Temp\\rust_mozprofileojzARo\\search.json.mozlz4", (void 0)))
DevTools listening on ws://localhost:62647/devtools/browser/a4f4bf1e-663a-4e89-a770-168d59366298
console.warn: LoginRecipes: "getRecipes: falling back to a synchronous message for:" "https://www.saucedemo.com"
1658441736263	Marionette	INFO	Stopped listening on port 62652
